<?xml version="1.0" encoding="UTF-8"?>
<testng-results ignored="0" total="1" passed="1" failed="0" skipped="0">
  <reporter-output>
  </reporter-output>
  <suite started-at="2022-10-13T21:51:30 IST" name="Default suite" finished-at="2022-10-13T21:52:09 IST" duration-ms="39049">
    <groups>
    </groups>
    <test started-at="2022-10-13T21:51:30 IST" name="Default test" finished-at="2022-10-13T21:52:09 IST" duration-ms="39049">
      <class name="com.demo.UserLoginTest">
        <test-method is-config="true" signature="beforeMethod()[pri:0, instance:com.demo.UserLoginTest@4d154ccd]" started-at="2022-10-13T21:51:30 IST" name="beforeMethod" finished-at="2022-10-13T21:51:56 IST" duration-ms="26313" status="PASS">
          <reporter-output>
          </reporter-output>
        </test-method> <!-- beforeMethod -->
        <test-method signature="user()[pri:0, instance:com.demo.UserLoginTest@4d154ccd]" started-at="2022-10-13T21:51:56 IST" name="user" finished-at="2022-10-13T21:52:08 IST" duration-ms="11175" status="PASS">
          <reporter-output>
          </reporter-output>
        </test-method> <!-- user -->
        <test-method is-config="true" signature="afterMethod()[pri:0, instance:com.demo.UserLoginTest@4d154ccd]" started-at="2022-10-13T21:52:09 IST" name="afterMethod" finished-at="2022-10-13T21:52:09 IST" duration-ms="262" status="PASS">
          <reporter-output>
          </reporter-output>
        </test-method> <!-- afterMethod -->
      </class> <!-- com.demo.UserLoginTest -->
    </test> <!-- Default test -->
  </suite> <!-- Default suite -->
</testng-results>
